#
# There is insufficient memory for the Java Runtime Environment to continue.
# Native memory allocation (mmap) failed to map 266338304 bytes for Failed to commit area from 0x0000000702200000 to 0x0000000712000000 of length 266338304.
# Possible reasons:
#   The system is out of physical RAM or swap space
#   The process is running with CompressedOops enabled, and the Java Heap may be blocking the growth of the native heap
# Possible solutions:
#   Reduce memory load on the system
#   Increase physical memory or swap space
#   Check if swap backing store is full
#   Decrease Java heap size (-Xmx/-Xms)
#   Decrease number of Java threads
#   Decrease Java thread stack sizes (-Xss)
#   Set larger code cache with -XX:ReservedCodeCacheSize=
# This output file may be truncated or incomplete.
#
#  Out of Memory Error (t:/workspace/open/src/hotspot/os/windows/os_windows.cpp:3254), pid=8576, tid=9532
#
# JRE version:  (12.0.1+12) (build )
# Java VM: Java HotSpot(TM) 64-Bit Server VM (12.0.1+12, mixed mode, sharing, tiered, compressed oops, g1 gc, windows-amd64)
# No core dump will be written. Minidumps are not enabled by default on client versions of Windows
#

---------------  S U M M A R Y ------------

Command Line: -agentlib:jdwp=transport=dt_socket,suspend=y,address=localhost:58426 -javaagent:C:\Users\sxie\eclipse\java-2019-03\eclipse\configuration\org.eclipse.osgi\224\0\.cp\lib\javaagent-shaded.jar -Dfile.encoding=GBK BraceExpansionII

Host: Intel(R) Core(TM) i7-8650U CPU @ 1.90GHz, 8 cores, 15G,  Windows 10 , 64 bit Build 17763 (10.0.17763.437)
Time: Mon Jun 24 17:07:45 2019 Pacific Daylight Time elapsed time: 0 seconds (0d 0h 0m 0s)

---------------  T H R E A D  ---------------

Current thread (0x0000021829622800):  JavaThread "Unknown thread" [_thread_in_vm, id=9532, stack(0x000000ebf4d00000,0x000000ebf4e00000)]

Stack: [0x000000ebf4d00000,0x000000ebf4e00000]
Native frames: (J=compiled Java code, j=interpreted, Vv=VM code, C=native code)
V  [jvm.dll+0x63948a]
V  [jvm.dll+0x78b31f]
V  [jvm.dll+0x78c9c1]
V  [jvm.dll+0x78d013]
V  [jvm.dll+0x262138]
V  [jvm.dll+0x63698a]
V  [jvm.dll+0x62b505]
V  [jvm.dll+0x31d9bc]
V  [jvm.dll+0x31d7ef]
V  [jvm.dll+0x323526]
V  [jvm.dll+0x370f76]
V  [jvm.dll+0x370750]
V  [jvm.dll+0x2f786a]
V  [jvm.dll+0x2f8af2]
V  [jvm.dll+0x7657b7]
V  [jvm.dll+0x766e95]
V  [jvm.dll+0x37f089]
V  [jvm.dll+0x749b14]
V  [jvm.dll+0x3ee48d]
V  [jvm.dll+0x3f03c1]
C  [jli.dll+0x51cf]
C  [ucrtbase.dll+0x21ffa]
C  [KERNEL32.DLL+0x17974]
C  [ntdll.dll+0x6a271]


---------------  P R O C E S S  ---------------

Threads class SMR info:
_java_thread_list=0x00007ffd483a48e8, length=0, elements={
}

Java Threads: ( => current thread )

Other Threads:
  0x000002182968d800 GCTaskThread "GC Thread#0" [stack: 0x000000ebf4e00000,0x000000ebf4f00000] [id=19800]
  0x00000218296a7000 ConcurrentGCThread "G1 Main Marker" [stack: 0x000000ebf4f00000,0x000000ebf5000000] [id=19056]
  0x00000218296aa800 ConcurrentGCThread "G1 Conc#0" [stack: 0x000000ebf5000000,0x000000ebf5100000] [id=19284]

[error occurred during error reporting (printing all threads), id 0xc0000005, EXCEPTION_ACCESS_VIOLATION (0xc0000005) at pc=0x00007ffd47bd7a37]

VM state:not at safepoint (not fully initialized)

VM Mutex/Monitor currently owned by a thread:  ([mutex/lock_event])
[0x00000218296217a0] Heap_lock - owner thread: 0x0000021829622800

Heap address: 0x0000000702200000, size: 4062 MB, Compressed Oops mode: Non-zero based: 0x0000000702200000
Narrow klass base: 0x0000000000000000, Narrow klass shift: 0

GC Heap History (0 events):
No events

Deoptimization events (0 events):
No events

Classes redefined (0 events):
No events

Internal exceptions (0 events):
No events

Events (0 events):
No events


Dynamic libraries:
0x00007ff71ad80000 - 0x00007ff71ad8f000 	C:\Program Files\Java\jdk-12.0.1\bin\javaw.exe
0x00007ffd8f490000 - 0x00007ffd8f67d000 	C:\WINDOWS\SYSTEM32\ntdll.dll
0x00007ffd8ce90000 - 0x00007ffd8cf43000 	C:\WINDOWS\System32\KERNEL32.DLL
0x00007ffd8bb10000 - 0x00007ffd8bda3000 	C:\WINDOWS\System32\KERNELBASE.dll
0x0000000058470000 - 0x0000000058502000 	C:\WINDOWS\System32\SYSFER.DLL
0x00007ffd8de30000 - 0x00007ffd8ded3000 	C:\WINDOWS\System32\ADVAPI32.dll
0x00007ffd8dd90000 - 0x00007ffd8de2e000 	C:\WINDOWS\System32\msvcrt.dll
0x00007ffd8c6d0000 - 0x00007ffd8c76e000 	C:\WINDOWS\System32\sechost.dll
0x00007ffd8d080000 - 0x00007ffd8d1a2000 	C:\WINDOWS\System32\RPCRT4.dll
0x00007ffd8ba10000 - 0x00007ffd8bb0a000 	C:\WINDOWS\System32\ucrtbase.dll
0x00007ffd6fb40000 - 0x00007ffd6fb58000 	C:\Program Files\Java\jdk-12.0.1\bin\jli.dll
0x00007ffd6f9d0000 - 0x00007ffd6f9e6000 	C:\Program Files\Java\jdk-12.0.1\bin\VCRUNTIME140.dll
0x00007ffd8d340000 - 0x00007ffd8d4d7000 	C:\WINDOWS\System32\USER32.dll
0x00007ffd8b740000 - 0x00007ffd8b760000 	C:\WINDOWS\System32\win32u.dll
0x00007ffd7c400000 - 0x00007ffd7c679000 	C:\WINDOWS\WinSxS\amd64_microsoft.windows.common-controls_6595b64144ccf1df_6.0.17763.437_none_05b63dca071e5dd6\COMCTL32.dll
0x00007ffd8f3d0000 - 0x00007ffd8f3f9000 	C:\WINDOWS\System32\GDI32.dll
0x00007ffd8d4e0000 - 0x00007ffd8d80c000 	C:\WINDOWS\System32\combase.dll
0x00007ffd8b900000 - 0x00007ffd8b97e000 	C:\WINDOWS\System32\bcryptPrimitives.dll
0x00007ffd8b760000 - 0x00007ffd8b8fa000 	C:\WINDOWS\System32\gdi32full.dll
0x00007ffd8be00000 - 0x00007ffd8bea0000 	C:\WINDOWS\System32\msvcp_win.dll
0x00007ffd823c0000 - 0x00007ffd823ca000 	C:\WINDOWS\SYSTEM32\VERSION.dll
0x00007ffd8da80000 - 0x00007ffd8daae000 	C:\WINDOWS\System32\IMM32.DLL
0x00007ffd591d0000 - 0x00007ffd5927a000 	C:\Program Files\Java\jdk-12.0.1\bin\msvcp140.dll
0x00007ffd478d0000 - 0x00007ffd48444000 	C:\Program Files\Java\jdk-12.0.1\bin\server\jvm.dll
0x00007ffd8c6c0000 - 0x00007ffd8c6c8000 	C:\WINDOWS\System32\PSAPI.DLL
0x00007ffd71740000 - 0x00007ffd71749000 	C:\WINDOWS\SYSTEM32\WSOCK32.dll
0x00007ffd8d270000 - 0x00007ffd8d2dd000 	C:\WINDOWS\System32\WS2_32.dll
0x00007ffd7c110000 - 0x00007ffd7c134000 	C:\WINDOWS\SYSTEM32\WINMM.dll
0x00007ffd7c0e0000 - 0x00007ffd7c10d000 	C:\WINDOWS\SYSTEM32\WINMMBASE.dll
0x00007ffd8bdb0000 - 0x00007ffd8bdfa000 	C:\WINDOWS\System32\cfgmgr32.dll
0x00007ffd8b4b0000 - 0x00007ffd8b4c1000 	C:\WINDOWS\System32\kernel.appcore.dll
0x00007ffd6b8e0000 - 0x00007ffd6b8f1000 	C:\Program Files\Java\jdk-12.0.1\bin\verify.dll
0x00007ffd89e70000 - 0x00007ffd8a05d000 	C:\WINDOWS\SYSTEM32\DBGHELP.DLL
0x00007ffd6f4f0000 - 0x00007ffd6f51a000 	C:\WINDOWS\SYSTEM32\dbgcore.DLL
0x00007ffd69950000 - 0x00007ffd69976000 	C:\Program Files\Java\jdk-12.0.1\bin\java.dll
0x00007ffd5a240000 - 0x00007ffd5a278000 	C:\Program Files\Java\jdk-12.0.1\bin\jdwp.dll
0x00007ffd81390000 - 0x00007ffd8139e000 	C:\Program Files\Java\jdk-12.0.1\bin\instrument.dll
0x00007ffd67cc0000 - 0x00007ffd67cd7000 	C:\Program Files\Java\jdk-12.0.1\bin\zip.dll
0x00007ffd716c0000 - 0x00007ffd716ca000 	C:\Program Files\Java\jdk-12.0.1\bin\jimage.dll

dbghelp: loaded successfully - version: 4.0.5 - missing functions: none
symbol engine: initialized successfully - sym options: 0x614 - pdb path: .;C:\Program Files\Java\jdk-12.0.1\bin;C:\WINDOWS\SYSTEM32;C:\WINDOWS\WinSxS\amd64_microsoft.windows.common-controls_6595b64144ccf1df_6.0.17763.437_none_05b63dca071e5dd6;C:\Program Files\Java\jdk-12.0.1\bin\server

VM Arguments:
jvm_args: -agentlib:jdwp=transport=dt_socket,suspend=y,address=localhost:58426 -javaagent:C:\Users\sxie\eclipse\java-2019-03\eclipse\configuration\org.eclipse.osgi\224\0\.cp\lib\javaagent-shaded.jar -Dfile.encoding=GBK 
java_command: BraceExpansionII
java_class_path (initial): C:\Users\sxie\Desktop\work\Solution\Java\bin
Launcher Type: SUN_STANDARD

[Global flags]
     intx CICompilerCount                          = 4                                         {product} {ergonomic}
     uint ConcGCThreads                            = 2                                         {product} {ergonomic}
     uint G1ConcRefinementThreads                  = 8                                         {product} {ergonomic}
   size_t G1HeapRegionSize                         = 1048576                                   {product} {ergonomic}
    uintx GCDrainStackTargetSize                   = 64                                        {product} {ergonomic}
   size_t InitialHeapSize                          = 266338304                                 {product} {ergonomic}
   size_t MarkStackSize                            = 4194304                                   {product} {ergonomic}
   size_t MaxHeapSize                              = 4259315712                                {product} {ergonomic}
   size_t MinHeapDeltaBytes                        = 1048576                                   {product} {ergonomic}
    uintx NonNMethodCodeHeapSize                   = 5836300                                {pd product} {ergonomic}
    uintx NonProfiledCodeHeapSize                  = 122910970                              {pd product} {ergonomic}
    uintx ProfiledCodeHeapSize                     = 122910970                              {pd product} {ergonomic}
    uintx ReservedCodeCacheSize                    = 251658240                              {pd product} {ergonomic}
     bool SegmentedCodeCache                       = true                                      {product} {ergonomic}
     bool UseCompressedClassPointers               = true                                 {lp64_product} {ergonomic}
     bool UseCompressedOops                        = true                                 {lp64_product} {ergonomic}
     bool UseG1GC                                  = true                                      {product} {ergonomic}
     bool UseLargePagesIndividualAllocation        = false                                  {pd product} {ergonomic}

Logging:
Log output configuration:
 #0: stdout all=warning uptime,level,tags
 #1: stderr all=off uptime,level,tags

Environment Variables:
PATH=C:/Program Files/Java/jre1.8.0_201/bin/server;C:/Program Files/Java/jre1.8.0_201/bin;C:/Program Files/Java/jre1.8.0_201/lib/amd64;C:\Program Files (x86)\Intel\Intel(R) Management Engine Components\iCLS\;C:\Program Files\Intel\Intel(R) Management Engine Components\iCLS\;C:\Program Files (x86)\Common Files\Oracle\Java\javapath;C:\WINDOWS\system32;C:\WINDOWS;C:\WINDOWS\System32\Wbem;C:\WINDOWS\System32\WindowsPowerShell\v1.0\;C:\WINDOWS\System32\OpenSSH\;C:\Program Files (x86)\Intel\Intel(R) Management Engine Components\DAL;C:\Program Files\Intel\Intel(R) Management Engine Components\DAL;C:\Program Files\Intel\WiFi\bin\;C:\Program Files\Common Files\Intel\WirelessCommon\;C:\Program Files\Git\cmd;C:\Users\sxie\AppData\Local\Programs\Python\Python37-32\Scripts\;C:\Users\sxie\AppData\Local\Programs\Python\Python37-32\;C:\Users\sxie\AppData\Local\Microsoft\WindowsApps;;C:\Users\sxie\AppData\Local\Programs\Microsoft VS Code\bin;C:\WINDOWS\system32;
USERNAME=sxie
OS=Windows_NT
PROCESSOR_IDENTIFIER=Intel64 Family 6 Model 142 Stepping 10, GenuineIntel



---------------  S Y S T E M  ---------------

OS: Windows 10 , 64 bit Build 17763 (10.0.17763.437)

CPU:total 8 (initial active 8) (4 cores per cpu, 2 threads per core) family 6 model 142 stepping 10, cmov, cx8, fxsr, mmx, sse, sse2, sse3, ssse3, sse4.1, sse4.2, popcnt, avx, avx2, aes, clmul, erms, rtm, 3dnowpref, lzcnt, ht, tsc, tscinvbit, bmi1, bmi2, adx, fma

Memory: 4k page, system-wide physical 16243M (5933M free)
TotalPageFile size 24243M (AvailPageFile size 80M)
current process WorkingSet (physical memory assigned to process): 10M, peak: 10M
current process commit charge ("private bytes"): 61M, peak: 315M

vm_info: Java HotSpot(TM) 64-Bit Server VM (12.0.1+12) for windows-amd64 JRE (12.0.1+12), built on Apr  2 2019 14:02:19 by "mach5one" with MS VC++ 15.5 (VS2017)

END.
